TN:
SF:app.js
FN:18,(anonymous_0)
FN:20,(anonymous_1)
FN:164,(anonymous_2)
FN:173,(anonymous_3)
FNF:4
FNH:1
FNDA:1,(anonymous_0)
FNDA:0,(anonymous_1)
FNDA:0,(anonymous_2)
FNDA:0,(anonymous_3)
DA:1,1
DA:2,1
DA:3,1
DA:4,1
DA:10,1
DA:12,1
DA:15,1
DA:16,1
DA:18,1
DA:19,1
DA:21,0
DA:22,0
DA:25,1
DA:27,1
DA:28,1
DA:32,1
DA:35,1
DA:36,1
DA:37,1
DA:40,1
DA:42,1
DA:43,1
DA:44,1
DA:160,1
DA:161,1
DA:164,1
DA:165,0
DA:173,1
DA:174,0
DA:175,0
DA:183,1
LF:31
LH:26
BRDA:32,0,0,0
BRDA:32,0,1,1
BRF:2
BRH:1
end_of_record
TN:
SF:cfg.js
FNF:0
FNH:0
DA:1,1
DA:4,1
LF:2
LH:2
BRF:0
BRH:0
end_of_record
TN:
SF:controllers/database/contacts.js
FN:5,(anonymous_0)
FN:21,(anonymous_1)
FN:45,(anonymous_2)
FN:62,(anonymous_3)
FN:89,(anonymous_4)
FN:116,(anonymous_5)
FN:141,(anonymous_6)
FNF:7
FNH:0
FNDA:0,(anonymous_0)
FNDA:0,(anonymous_1)
FNDA:0,(anonymous_2)
FNDA:0,(anonymous_3)
FNDA:0,(anonymous_4)
FNDA:0,(anonymous_5)
FNDA:0,(anonymous_6)
DA:1,1
DA:3,1
DA:5,1
DA:6,0
DA:7,0
DA:8,0
DA:16,0
DA:17,0
DA:21,1
DA:22,0
DA:23,0
DA:24,0
DA:25,0
DA:26,0
DA:32,0
DA:40,0
DA:41,0
DA:45,1
DA:46,0
DA:47,0
DA:48,0
DA:49,0
DA:51,0
DA:57,0
DA:58,0
DA:62,1
DA:63,0
DA:64,0
DA:65,0
DA:66,0
DA:67,0
DA:69,0
DA:70,0
DA:76,0
DA:84,0
DA:85,0
DA:89,1
DA:90,0
DA:91,0
DA:93,0
DA:94,0
DA:95,0
DA:96,0
DA:97,0
DA:103,0
DA:111,0
DA:112,0
DA:116,1
DA:117,0
DA:119,0
DA:120,0
DA:121,0
DA:122,0
DA:128,0
DA:136,0
DA:137,0
DA:141,1
DA:142,0
DA:153,1
LF:59
LH:10
BRDA:25,0,0,0
BRDA:25,0,1,0
BRDA:69,1,0,0
BRDA:69,1,1,0
BRDA:96,2,0,0
BRDA:96,2,1,0
BRDA:121,3,0,0
BRDA:121,3,1,0
BRF:8
BRH:0
end_of_record
TN:
SF:controllers/database/users.js
FN:14,(anonymous_0)
FN:30,(anonymous_1)
FN:54,(anonymous_2)
FN:108,(anonymous_3)
FN:135,(anonymous_4)
FN:162,(anonymous_5)
FN:187,createJWT
FN:193,(anonymous_7)
FN:236,(anonymous_8)
FN:296,(anonymous_9)
FN:324,(anonymous_10)
FN:372,(anonymous_11)
FN:384,resize
FN:403,(anonymous_13)
FNF:14
FNH:4
FNDA:0,(anonymous_0)
FNDA:0,(anonymous_1)
FNDA:1,(anonymous_2)
FNDA:0,(anonymous_3)
FNDA:0,(anonymous_4)
FNDA:0,(anonymous_5)
FNDA:1,createJWT
FNDA:2,(anonymous_7)
FNDA:1,(anonymous_8)
FNDA:0,(anonymous_9)
FNDA:0,(anonymous_10)
FNDA:0,(anonymous_11)
FNDA:0,resize
FNDA:0,(anonymous_13)
DA:1,1
DA:2,1
DA:3,1
DA:5,1
DA:7,1
DA:9,1
DA:10,1
DA:11,1
DA:12,1
DA:14,1
DA:15,0
DA:16,0
DA:17,0
DA:25,0
DA:26,0
DA:30,1
DA:31,0
DA:32,0
DA:33,0
DA:34,0
DA:35,0
DA:41,0
DA:49,0
DA:50,0
DA:54,1
DA:55,1
DA:56,1
DA:58,1
DA:59,1
DA:60,1
DA:61,0
DA:62,0
DA:67,0
DA:69,1
DA:70,1
DA:71,1
DA:73,1
DA:74,1
DA:81,1
DA:83,0
DA:84,0
DA:90,0
DA:91,0
DA:92,0
DA:96,0
DA:97,0
DA:103,0
DA:108,1
DA:109,0
DA:110,0
DA:111,0
DA:112,0
DA:113,0
DA:115,0
DA:116,0
DA:122,0
DA:130,0
DA:131,0
DA:135,1
DA:136,0
DA:137,0
DA:139,0
DA:140,0
DA:141,0
DA:142,0
DA:143,0
DA:149,0
DA:157,0
DA:158,0
DA:162,1
DA:163,0
DA:165,0
DA:166,0
DA:167,0
DA:168,0
DA:174,0
DA:182,0
DA:183,0
DA:188,1
DA:193,1
DA:195,2
DA:202,1
DA:203,1
DA:210,1
DA:215,1
DA:224,1
DA:225,1
DA:233,1
DA:236,1
DA:237,1
DA:239,1
DA:240,1
DA:242,1
DA:243,1
DA:247,1
DA:249,1
DA:251,1
DA:257,1
DA:259,1
DA:261,1
DA:262,1
DA:272,1
DA:273,0
DA:274,0
DA:280,0
DA:287,0
DA:296,1
DA:297,0
DA:299,0
DA:300,0
DA:301,0
DA:302,0
DA:308,0
DA:316,0
DA:321,0
DA:324,1
DA:325,0
DA:326,0
DA:327,0
DA:328,0
DA:329,0
DA:330,0
DA:334,0
DA:335,0
DA:336,0
DA:337,0
DA:338,0
DA:343,0
DA:344,0
DA:349,0
DA:350,0
DA:357,0
DA:364,0
DA:372,1
DA:373,0
DA:385,0
DA:387,0
DA:389,0
DA:391,0
DA:394,0
DA:395,0
DA:396,0
DA:398,0
DA:399,0
DA:403,1
DA:405,0
DA:406,0
DA:407,0
DA:408,0
DA:411,0
DA:413,0
DA:420,0
DA:421,0
DA:422,0
DA:424,0
DA:425,0
DA:434,0
DA:443,0
DA:447,1
LF:159
LH:55
BRDA:34,0,0,0
BRDA:34,0,1,0
BRDA:58,1,0,1
BRDA:58,1,1,0
BRDA:58,2,0,1
BRDA:58,2,1,1
BRDA:60,3,0,0
BRDA:60,3,1,1
BRDA:115,4,0,0
BRDA:115,4,1,0
BRDA:142,5,0,0
BRDA:142,5,1,0
BRDA:167,6,0,0
BRDA:167,6,1,0
BRDA:239,7,0,1
BRDA:239,7,1,0
BRDA:239,8,0,1
BRDA:239,8,1,1
BRDA:242,9,0,1
BRDA:242,9,1,0
BRDA:242,10,0,1
BRDA:242,10,1,1
BRDA:273,11,0,0
BRDA:273,11,1,0
BRDA:301,12,0,0
BRDA:301,12,1,0
BRDA:326,13,0,0
BRDA:326,13,1,0
BRDA:334,14,0,0
BRDA:334,14,1,0
BRDA:334,15,0,0
BRDA:334,15,1,0
BRDA:337,16,0,0
BRDA:337,16,1,0
BRDA:343,17,0,0
BRDA:343,17,1,0
BRDA:349,18,0,0
BRDA:349,18,1,0
BRDA:424,19,0,0
BRDA:424,19,1,0
BRF:40
BRH:10
end_of_record
TN:
SF:controllers/validation/contacts.js
FNF:0
FNH:0
DA:1,1
DA:3,1
DA:10,1
DA:18,1
LF:4
LH:4
BRF:0
BRH:0
end_of_record
TN:
SF:controllers/validation/user.js
FNF:0
FNH:0
DA:1,1
DA:3,1
DA:9,1
DA:18,1
LF:4
LH:4
BRF:0
BRH:0
end_of_record
TN:
SF:routes/index.js
FNF:0
FNH:0
DA:1,1
DA:2,1
DA:3,1
LF:3
LH:3
BRF:0
BRH:0
end_of_record
TN:
SF:routes/api/contacts.js
FNF:0
FNH:0
DA:1,1
DA:2,1
DA:3,1
DA:5,1
DA:7,1
DA:9,1
DA:11,1
DA:13,1
DA:15,1
DA:17,1
LF:10
LH:10
BRF:0
BRH:0
end_of_record
TN:
SF:routes/api/users.js
FN:15,(anonymous_0)
FN:18,(anonymous_1)
FN:22,(anonymous_2)
FNF:3
FNH:0
FNDA:0,(anonymous_0)
FNDA:0,(anonymous_1)
FNDA:0,(anonymous_2)
DA:1,1
DA:2,1
DA:4,1
DA:5,1
DA:6,1
DA:8,1
DA:9,1
DA:10,1
DA:12,1
DA:15,1
DA:17,1
DA:20,0
DA:23,0
DA:27,1
DA:35,1
DA:42,1
LF:16
LH:14
BRF:0
BRH:0
end_of_record
TN:
SF:service/index.js
FN:5,(anonymous_0)
FN:9,(anonymous_1)
FN:13,(anonymous_2)
FN:17,(anonymous_3)
FN:21,(anonymous_4)
FN:27,(anonymous_5)
FN:31,(anonymous_6)
FN:35,(anonymous_7)
FN:39,(anonymous_8)
FN:61,(anonymous_9)
FN:65,(anonymous_10)
FNF:11
FNH:3
FNDA:0,(anonymous_0)
FNDA:0,(anonymous_1)
FNDA:0,(anonymous_2)
FNDA:0,(anonymous_3)
FNDA:0,(anonymous_4)
FNDA:0,(anonymous_5)
FNDA:0,(anonymous_6)
FNDA:2,(anonymous_7)
FNDA:1,(anonymous_8)
FNDA:1,(anonymous_9)
FNDA:0,(anonymous_10)
DA:1,1
DA:2,1
DA:3,1
DA:5,1
DA:6,0
DA:9,1
DA:10,0
DA:13,1
DA:14,0
DA:17,1
DA:18,0
DA:21,1
DA:22,0
DA:27,1
DA:28,0
DA:31,1
DA:32,0
DA:35,1
DA:36,2
DA:39,1
DA:42,1
DA:50,1
DA:55,1
DA:56,1
DA:57,1
DA:58,1
DA:61,1
DA:62,1
DA:65,1
DA:66,0
DA:69,1
LF:31
LH:23
BRF:0
BRH:0
end_of_record
TN:
SF:service/schemas/contacts.js
FNF:0
FNH:0
DA:2,1
DA:4,1
DA:24,1
LF:3
LH:3
BRF:0
BRH:0
end_of_record
TN:
SF:service/schemas/users.js
FN:35,(anonymous_0)
FN:39,(anonymous_1)
FN:43,(anonymous_2)
FNF:3
FNH:3
FNDA:1,(anonymous_0)
FNDA:1,(anonymous_1)
FNDA:1,(anonymous_2)
DA:1,1
DA:4,1
DA:6,1
DA:35,1
DA:36,1
DA:39,1
DA:40,1
DA:43,1
DA:44,1
DA:47,1
DA:49,1
LF:11
LH:11
BRF:0
BRH:0
end_of_record
